=== DEBUG LOG METEO.CAT - ESTACI√ì XJ (GIRONA) ===
Inici: 2025-11-05 21:41:08.122219
Directori actual: /home/runner/work/meteo-rss-auto/meteo-rss-auto
============================================================
üöÄ SCRIPT INICIAT - ESTACI√ì XJ (GIRONA)
üêç Versi√≥ Python: 3.9.24 (main, Oct 10 2025, 01:00:43) 
[GCC 13.3.0]
üìÅ Directori de treball: /home/runner/work/meteo-rss-auto/meteo-rss-auto

============================================================
üöÄ INICIANT GENERACI√ì RSS
============================================================
üöÄ INICIANT get_meteo_data()
‚è∞ Hora: 2025-11-05 21:41:08.122334
üåê Connectant a Meteo.cat - Estaci√≥ Girona [XJ]...
üîó URL: https://www.meteo.cat/observacions/xema/dades?codi=XJ
‚ùå ERROR CR√çTIC a get_meteo_data(): HTTPSConnectionPool(host='www.meteo.cat', port=443): Read timed out. (read timeout=10)
TRACEBACK: Traceback (most recent call last):
  File "/opt/hostedtoolcache/Python/3.9.24/x64/lib/python3.9/site-packages/urllib3/connectionpool.py", line 534, in _make_request
    response = conn.getresponse()
  File "/opt/hostedtoolcache/Python/3.9.24/x64/lib/python3.9/site-packages/urllib3/connection.py", line 565, in getresponse
    httplib_response = super().getresponse()
  File "/opt/hostedtoolcache/Python/3.9.24/x64/lib/python3.9/http/client.py", line 1377, in getresponse
    response.begin()
  File "/opt/hostedtoolcache/Python/3.9.24/x64/lib/python3.9/http/client.py", line 320, in begin
    version, status, reason = self._read_status()
  File "/opt/hostedtoolcache/Python/3.9.24/x64/lib/python3.9/http/client.py", line 281, in _read_status
    line = str(self.fp.readline(_MAXLINE + 1), "iso-8859-1")
  File "/opt/hostedtoolcache/Python/3.9.24/x64/lib/python3.9/socket.py", line 716, in readinto
    return self._sock.recv_into(b)
  File "/opt/hostedtoolcache/Python/3.9.24/x64/lib/python3.9/ssl.py", line 1277, in recv_into
    return self.read(nbytes, buffer)
  File "/opt/hostedtoolcache/Python/3.9.24/x64/lib/python3.9/ssl.py", line 1135, in read
    return self._sslobj.read(len, buffer)
socket.timeout: The read operation timed out

The above exception was the direct cause of the following exception:

Traceback (most recent call last):
  File "/opt/hostedtoolcache/Python/3.9.24/x64/lib/python3.9/site-packages/requests/adapters.py", line 644, in send
    resp = conn.urlopen(
  File "/opt/hostedtoolcache/Python/3.9.24/x64/lib/python3.9/site-packages/urllib3/connectionpool.py", line 841, in urlopen
    retries = retries.increment(
  File "/opt/hostedtoolcache/Python/3.9.24/x64/lib/python3.9/site-packages/urllib3/util/retry.py", line 474, in increment
    raise reraise(type(error), error, _stacktrace)
  File "/opt/hostedtoolcache/Python/3.9.24/x64/lib/python3.9/site-packages/urllib3/util/util.py", line 39, in reraise
    raise value
  File "/opt/hostedtoolcache/Python/3.9.24/x64/lib/python3.9/site-packages/urllib3/connectionpool.py", line 787, in urlopen
    response = self._make_request(
  File "/opt/hostedtoolcache/Python/3.9.24/x64/lib/python3.9/site-packages/urllib3/connectionpool.py", line 536, in _make_request
    self._raise_timeout(err=e, url=url, timeout_value=read_timeout)
  File "/opt/hostedtoolcache/Python/3.9.24/x64/lib/python3.9/site-packages/urllib3/connectionpool.py", line 367, in _raise_timeout
    raise ReadTimeoutError(
urllib3.exceptions.ReadTimeoutError: HTTPSConnectionPool(host='www.meteo.cat', port=443): Read timed out. (read timeout=10)

During handling of the above exception, another exception occurred:

Traceback (most recent call last):
  File "/home/runner/work/meteo-rss-auto/meteo-rss-auto/update_rss.py", line 29, in get_meteo_data
    response = requests.get(url, headers=headers, timeout=10)
  File "/opt/hostedtoolcache/Python/3.9.24/x64/lib/python3.9/site-packages/requests/api.py", line 73, in get
    return request("get", url, params=params, **kwargs)
  File "/opt/hostedtoolcache/Python/3.9.24/x64/lib/python3.9/site-packages/requests/api.py", line 59, in request
    return session.request(method=method, url=url, **kwargs)
  File "/opt/hostedtoolcache/Python/3.9.24/x64/lib/python3.9/site-packages/requests/sessions.py", line 589, in request
    resp = self.send(prep, **send_kwargs)
  File "/opt/hostedtoolcache/Python/3.9.24/x64/lib/python3.9/site-packages/requests/sessions.py", line 703, in send
    r = adapter.send(request, **kwargs)
  File "/opt/hostedtoolcache/Python/3.9.24/x64/lib/python3.9/site-packages/requests/adapters.py", line 690, in send
    raise ReadTimeout(e, request=request)
requests.exceptions.ReadTimeout: HTTPSConnectionPool(host='www.meteo.cat', port=443): Read timed out. (read timeout=10)

‚ùå NO S'HAN POGUT OBTENIR DADES
üí§ NO S'ACTUALITZA RSS
üí§ NO S'HA ACTUALITZAT RSS - Sense dades v√†lides
============================================================
üèÅ FI DE L'EXECUCI√ì
